app/build/intermediates/manifest_merge_blame_file/debug/manifest-merger-blame-debug-report.txt
1<?xml version="1.0" encoding="utf-8"?>
2<manifest xmlns:android="http://schemas.android.com/apk/res/android"
3    package="com.abdhilabs.footbalschedule"
4    android:versionCode="1"
5    android:versionName="1.0" >
6
7    <uses-sdk
8        android:minSdkVersion="21"
8-->src/main/AndroidManifest.xml
9        android:targetSdkVersion="28" />
9-->src/main/AndroidManifest.xml
10
11    <uses-permission android:name="android.permission.INTERNET" />
11-->src/main/AndroidManifest.xml:6:5-67
11-->src/main/AndroidManifest.xml:6:22-64
12
13    <application
13-->src/main/AndroidManifest.xml:8:5-35:19
14        android:name="com.abdhilabs.footbalschedule.base.BaseApp"
14-->src/main/AndroidManifest.xml:9:9-37
15        android:allowBackup="true"
15-->src/main/AndroidManifest.xml:10:9-35
16        android:appComponentFactory="androidx.core.app.CoreComponentFactory"
16-->[androidx.core:core:1.1.0] AndroidManifest.xml:24:18-86
17        android:debuggable="true"
18        android:icon="@mipmap/ic_launcher"
18-->src/main/AndroidManifest.xml:11:9-43
19        android:label="@string/app_name"
19-->src/main/AndroidManifest.xml:12:9-41
20        android:roundIcon="@mipmap/ic_launcher_round"
20-->src/main/AndroidManifest.xml:13:9-54
21        android:supportsRtl="true"
21-->src/main/AndroidManifest.xml:14:9-35
22        android:theme="@style/AppTheme" >
22-->src/main/AndroidManifest.xml:15:9-40
23        <activity
23-->src/main/AndroidManifest.xml:17:9-19:50
24            android:name="com.abdhilabs.footbalschedule.ui.league.detail.detailteam.DetailTeamActivity"
24-->src/main/AndroidManifest.xml:18:13-75
25            android:theme="@style/DetailTheme" />
25-->src/main/AndroidManifest.xml:19:13-47
26        <activity
26-->src/main/AndroidManifest.xml:20:9-23:50
27            android:name="com.abdhilabs.footbalschedule.ui.league.detail.detailmatch.DetailMatchActivity"
27-->src/main/AndroidManifest.xml:21:13-77
28            android:parentActivityName="com.abdhilabs.footbalschedule.ui.MainActivity"
28-->src/main/AndroidManifest.xml:22:13-58
29            android:theme="@style/DetailTheme" />
29-->src/main/AndroidManifest.xml:23:13-47
30        <activity
30-->src/main/AndroidManifest.xml:24:9-27:50
31            android:name="com.abdhilabs.footbalschedule.ui.league.detail.DetailLeagueActivity"
31-->src/main/AndroidManifest.xml:25:13-66
32            android:parentActivityName="com.abdhilabs.footbalschedule.ui.MainActivity"
32-->src/main/AndroidManifest.xml:26:13-58
33            android:theme="@style/DetailTheme" />
33-->src/main/AndroidManifest.xml:27:13-47
34        <activity android:name="com.abdhilabs.footbalschedule.ui.MainActivity" >
34-->src/main/AndroidManifest.xml:28:9-34:20
34-->src/main/AndroidManifest.xml:28:19-50
35            <intent-filter>
35-->src/main/AndroidManifest.xml:29:13-33:29
36                <action android:name="android.intent.action.MAIN" />
36-->src/main/AndroidManifest.xml:30:17-69
36-->src/main/AndroidManifest.xml:30:25-66
37
38                <category android:name="android.intent.category.LAUNCHER" />
38-->src/main/AndroidManifest.xml:32:17-77
38-->src/main/AndroidManifest.xml:32:27-74
39            </intent-filter>
40        </activity>
41    </application>
42
43</manifest>